{"uid":"987621fa641e1d86","name":"verifyErrorIfUsernameNotMeetRequirements","fullName":"tests.RegistrationTest.verifyErrorIfUsernameNotMeetRequirements","historyId":"dfe9c40fdd03cc02014d64fc9d3f78bd","time":{"start":1704456666900,"stop":1704456667501,"duration":601},"description":"Registration failure when username doesn't meet requirements","descriptionHtml":"<p>Registration failure when username doesn't meet requirements</p>\n","status":"failed","statusMessage":"expected [Username must contain a-z, A-Z, 1-9] but found [Имя пользователя должно содержать a-z, A-Z, 1-9]","statusTrace":"java.lang.AssertionError: expected [Username must contain a-z, A-Z, 1-9] but found [Имя пользователя должно содержать a-z, A-Z, 1-9]\n\tat org.testng.Assert.fail(Assert.java:111)\n\tat org.testng.Assert.failNotEquals(Assert.java:1578)\n\tat org.testng.Assert.assertEqualsImpl(Assert.java:150)\n\tat org.testng.Assert.assertEquals(Assert.java:132)\n\tat org.testng.Assert.assertEquals(Assert.java:656)\n\tat org.testng.Assert.assertEquals(Assert.java:666)\n\tat tests.RegistrationTest.verifyErrorIfUsernameNotMeetRequirements(RegistrationTest.java:239)\n\tat java.base/jdk.internal.reflect.DirectMethodHandleAccessor.invoke(DirectMethodHandleAccessor.java:104)\n\tat java.base/java.lang.reflect.Method.invoke(Method.java:577)\n\tat org.testng.internal.invokers.MethodInvocationHelper.invokeMethod(MethodInvocationHelper.java:139)\n\tat org.testng.internal.invokers.TestInvoker.invokeMethod(TestInvoker.java:664)\n\tat org.testng.internal.invokers.TestInvoker.invokeTestMethod(TestInvoker.java:227)\n\tat org.testng.internal.invokers.MethodRunner.runInSequence(MethodRunner.java:50)\n\tat org.testng.internal.invokers.TestInvoker$MethodInvocationAgent.invoke(TestInvoker.java:957)\n\tat org.testng.internal.invokers.TestInvoker.invokeTestMethods(TestInvoker.java:200)\n\tat org.testng.internal.invokers.TestMethodWorker.invokeTestMethods(TestMethodWorker.java:148)\n\tat org.testng.internal.invokers.TestMethodWorker.run(TestMethodWorker.java:128)\n\tat java.base/java.util.ArrayList.forEach(ArrayList.java:1511)\n\tat org.testng.TestRunner.privateRun(TestRunner.java:848)\n\tat org.testng.TestRunner.run(TestRunner.java:621)\n\tat org.testng.SuiteRunner.runTest(SuiteRunner.java:443)\n\tat org.testng.SuiteRunner.runSequentially(SuiteRunner.java:437)\n\tat org.testng.SuiteRunner.privateRun(SuiteRunner.java:397)\n\tat org.testng.SuiteRunner.run(SuiteRunner.java:336)\n\tat org.testng.SuiteRunnerWorker.runSuite(SuiteRunnerWorker.java:52)\n\tat org.testng.SuiteRunnerWorker.run(SuiteRunnerWorker.java:95)\n\tat org.testng.TestNG.runSuitesSequentially(TestNG.java:1280)\n\tat org.testng.TestNG.runSuitesLocally(TestNG.java:1200)\n\tat org.testng.TestNG.runSuites(TestNG.java:1114)\n\tat org.testng.TestNG.run(TestNG.java:1082)\n\tat org.apache.maven.surefire.testng.TestNGExecutor.run(TestNGExecutor.java:308)\n\tat org.apache.maven.surefire.testng.TestNGXmlTestSuite.execute(TestNGXmlTestSuite.java:71)\n\tat org.apache.maven.surefire.testng.TestNGProvider.invoke(TestNGProvider.java:113)\n\tat org.apache.maven.surefire.booter.ForkedBooter.runSuitesInProcess(ForkedBooter.java:385)\n\tat org.apache.maven.surefire.booter.ForkedBooter.execute(ForkedBooter.java:162)\n\tat org.apache.maven.surefire.booter.ForkedBooter.run(ForkedBooter.java:507)\n\tat org.apache.maven.surefire.booter.ForkedBooter.main(ForkedBooter.java:495)\n","flaky":false,"newFailed":true,"newBroken":false,"newPassed":false,"retriesCount":0,"retriesStatusChange":false,"beforeStages":[{"name":"startBrowser","time":{"start":1704456528030,"stop":1704456535841,"duration":7811},"description":"","status":"passed","steps":[],"attachments":[],"parameters":[],"shouldDisplayMessage":false,"stepsCount":0,"attachmentsCount":0,"hasContent":false,"attachmentStep":false},{"name":"initAndLogin","time":{"start":1704456535842,"stop":1704456535872,"duration":30},"description":"","status":"passed","steps":[],"attachments":[],"parameters":[],"shouldDisplayMessage":false,"stepsCount":0,"attachmentsCount":0,"hasContent":false,"attachmentStep":false}],"testStage":{"description":"Registration failure when username doesn't meet requirements","status":"failed","statusMessage":"expected [Username must contain a-z, A-Z, 1-9] but found [Имя пользователя должно содержать a-z, A-Z, 1-9]","statusTrace":"java.lang.AssertionError: expected [Username must contain a-z, A-Z, 1-9] but found [Имя пользователя должно содержать a-z, A-Z, 1-9]\n\tat org.testng.Assert.fail(Assert.java:111)\n\tat org.testng.Assert.failNotEquals(Assert.java:1578)\n\tat org.testng.Assert.assertEqualsImpl(Assert.java:150)\n\tat org.testng.Assert.assertEquals(Assert.java:132)\n\tat org.testng.Assert.assertEquals(Assert.java:656)\n\tat org.testng.Assert.assertEquals(Assert.java:666)\n\tat tests.RegistrationTest.verifyErrorIfUsernameNotMeetRequirements(RegistrationTest.java:239)\n\tat java.base/jdk.internal.reflect.DirectMethodHandleAccessor.invoke(DirectMethodHandleAccessor.java:104)\n\tat java.base/java.lang.reflect.Method.invoke(Method.java:577)\n\tat org.testng.internal.invokers.MethodInvocationHelper.invokeMethod(MethodInvocationHelper.java:139)\n\tat org.testng.internal.invokers.TestInvoker.invokeMethod(TestInvoker.java:664)\n\tat org.testng.internal.invokers.TestInvoker.invokeTestMethod(TestInvoker.java:227)\n\tat org.testng.internal.invokers.MethodRunner.runInSequence(MethodRunner.java:50)\n\tat org.testng.internal.invokers.TestInvoker$MethodInvocationAgent.invoke(TestInvoker.java:957)\n\tat org.testng.internal.invokers.TestInvoker.invokeTestMethods(TestInvoker.java:200)\n\tat org.testng.internal.invokers.TestMethodWorker.invokeTestMethods(TestMethodWorker.java:148)\n\tat org.testng.internal.invokers.TestMethodWorker.run(TestMethodWorker.java:128)\n\tat java.base/java.util.ArrayList.forEach(ArrayList.java:1511)\n\tat org.testng.TestRunner.privateRun(TestRunner.java:848)\n\tat org.testng.TestRunner.run(TestRunner.java:621)\n\tat org.testng.SuiteRunner.runTest(SuiteRunner.java:443)\n\tat org.testng.SuiteRunner.runSequentially(SuiteRunner.java:437)\n\tat org.testng.SuiteRunner.privateRun(SuiteRunner.java:397)\n\tat org.testng.SuiteRunner.run(SuiteRunner.java:336)\n\tat org.testng.SuiteRunnerWorker.runSuite(SuiteRunnerWorker.java:52)\n\tat org.testng.SuiteRunnerWorker.run(SuiteRunnerWorker.java:95)\n\tat org.testng.TestNG.runSuitesSequentially(TestNG.java:1280)\n\tat org.testng.TestNG.runSuitesLocally(TestNG.java:1200)\n\tat org.testng.TestNG.runSuites(TestNG.java:1114)\n\tat org.testng.TestNG.run(TestNG.java:1082)\n\tat org.apache.maven.surefire.testng.TestNGExecutor.run(TestNGExecutor.java:308)\n\tat org.apache.maven.surefire.testng.TestNGXmlTestSuite.execute(TestNGXmlTestSuite.java:71)\n\tat org.apache.maven.surefire.testng.TestNGProvider.invoke(TestNGProvider.java:113)\n\tat org.apache.maven.surefire.booter.ForkedBooter.runSuitesInProcess(ForkedBooter.java:385)\n\tat org.apache.maven.surefire.booter.ForkedBooter.execute(ForkedBooter.java:162)\n\tat org.apache.maven.surefire.booter.ForkedBooter.run(ForkedBooter.java:507)\n\tat org.apache.maven.surefire.booter.ForkedBooter.main(ForkedBooter.java:495)\n","steps":[{"name":"User registration without email confirmation","time":{"start":1704456666900,"stop":1704456667359,"duration":459},"status":"passed","steps":[{"name":"Open https://inctagram-next-app-dir-git-develop-fightersforjustice.vercel.app/sign-up","time":{"start":1704456666900,"stop":1704456667059,"duration":159},"status":"passed","steps":[],"attachments":[],"parameters":[{"name":"url","value":"https://inctagram-next-app-dir-git-develop-fightersforjustice.vercel.app/sign-up"}],"shouldDisplayMessage":false,"stepsCount":0,"attachmentsCount":0,"hasContent":true,"attachmentStep":false},{"name":"Fill in ?????? in Username field","time":{"start":1704456667059,"stop":1704456667116,"duration":57},"status":"passed","steps":[],"attachments":[],"parameters":[{"name":"username","value":"??????"}],"shouldDisplayMessage":false,"stepsCount":0,"attachmentsCount":0,"hasContent":true,"attachmentStep":false},{"name":"Fill in idbag@thlh.vcd in Email field","time":{"start":1704456667116,"stop":1704456667177,"duration":61},"status":"passed","steps":[],"attachments":[],"parameters":[{"name":"email","value":"idbag@thlh.vcd"}],"shouldDisplayMessage":false,"stepsCount":0,"attachmentsCount":0,"hasContent":true,"attachmentStep":false},{"name":"Fill in OGyl2)+=} in Password field","time":{"start":1704456667177,"stop":1704456667231,"duration":54},"status":"passed","steps":[],"attachments":[],"parameters":[{"name":"password","value":"OGyl2)+=}"}],"shouldDisplayMessage":false,"stepsCount":0,"attachmentsCount":0,"hasContent":true,"attachmentStep":false},{"name":"Fill in OGyl2)+=} in Password confirmation field","time":{"start":1704456667231,"stop":1704456667276,"duration":45},"status":"passed","steps":[],"attachments":[],"parameters":[{"name":"confirmationPassword","value":"OGyl2)+=}"}],"shouldDisplayMessage":false,"stepsCount":0,"attachmentsCount":0,"hasContent":true,"attachmentStep":false},{"name":"Click on the checkbox","time":{"start":1704456667276,"stop":1704456667306,"duration":30},"status":"passed","steps":[],"attachments":[],"parameters":[],"shouldDisplayMessage":false,"stepsCount":0,"attachmentsCount":0,"hasContent":false,"attachmentStep":false},{"name":"Click Sign Up","time":{"start":1704456667306,"stop":1704456667359,"duration":53},"status":"passed","steps":[],"attachments":[],"parameters":[],"shouldDisplayMessage":false,"stepsCount":0,"attachmentsCount":0,"hasContent":false,"attachmentStep":false}],"attachments":[],"parameters":[{"name":"user","value":"User(userName=??????, email=idbag@thlh.vcd, password=OGyl2)+=}, passwordConfirm=OGyl2)+=})"}],"shouldDisplayMessage":false,"stepsCount":7,"attachmentsCount":0,"hasContent":true,"attachmentStep":false}],"attachments":[{"uid":"80ea53b51a28c737","name":"screenshot of : verifyErrorIfUsernameNotMeetRequirements","source":"80ea53b51a28c737.png","type":"image/png","size":46923}],"parameters":[],"shouldDisplayMessage":true,"stepsCount":8,"attachmentsCount":1,"hasContent":true,"attachmentStep":false},"afterStages":[{"name":"stopBrowser","time":{"start":1704456728932,"stop":1704456729008,"duration":76},"description":"","status":"passed","steps":[],"attachments":[],"parameters":[],"shouldDisplayMessage":false,"stepsCount":0,"attachmentsCount":0,"hasContent":false,"attachmentStep":false}],"labels":[{"name":"package","value":"tests.RegistrationTest"},{"name":"testClass","value":"tests.RegistrationTest"},{"name":"testMethod","value":"verifyErrorIfUsernameNotMeetRequirements"},{"name":"parentSuite","value":"TestSuite"},{"name":"suite","value":"Regression"},{"name":"subSuite","value":"tests.RegistrationTest"},{"name":"host","value":"fv-az1501-788"},{"name":"thread","value":"2332@fv-az1501-788.main(1)"},{"name":"framework","value":"testng"},{"name":"language","value":"java"},{"name":"resultFormat","value":"allure2"}],"parameters":[{"name":"arg0","value":"?"}],"links":[{"name":"IN-346","url":"https://app.qase.io/case/IN-346","type":"tms"}],"hidden":false,"retry":false,"extra":{"severity":"normal","retries":[],"categories":[{"name":"Product defects","matchedStatuses":[],"flaky":false}],"history":{"statistic":{"failed":1,"broken":1,"skipped":0,"passed":5,"unknown":0,"total":7},"items":[{"uid":"b0b9e93e0e6c540b","reportUrl":"https://alex-evt.github.io/IT-INCUB-Inctagram/40//#testresult/b0b9e93e0e6c540b","status":"broken","statusDetails":"element not interactable\n  (Session info: chrome-headless-shell=120.0.6099.109)\nBuild info: version: '4.14.1', revision: '03f8ede370'\nSystem info: os.name: 'Linux', os.arch: 'amd64', os.version: '6.2.0-1018-azure', java.version: '18.0.2'\nDriver info: org.openqa.selenium.chrome.ChromeDriver\nCommand: [dcec8881e9b7d36fe812f5b02447f6ec, clickElement {id=A3CC2881EEDE83BA05B1B75CB63E4041_element_1863}]\nCapabilities {acceptInsecureCerts: false, browserName: chrome-headless-shell, browserVersion: 120.0.6099.109, chrome: {chromedriverVersion: 120.0.6099.109 (3419140ab66..., userDataDir: /tmp/.org.chromium.Chromium...}, fedcm:accounts: true, goog:chromeOptions: {debuggerAddress: localhost:45833}, networkConnectionEnabled: false, pageLoadStrategy: normal, platformName: linux, proxy: Proxy(), se:cdp: ws://localhost:45833/devtoo..., se:cdpVersion: 120.0.6099.109, setWindowRect: true, strictFileInteractability: false, timeouts: {implicit: 0, pageLoad: 300000, script: 30000}, unhandledPromptBehavior: dismiss and notify, webauthn:extension:credBlob: true, webauthn:extension:largeBlob: true, webauthn:extension:minPinLength: true, webauthn:extension:prf: true, webauthn:virtualAuthenticators: true}\nElement: [[ChromeDriver: chrome-headless-shell on linux (dcec8881e9b7d36fe812f5b02447f6ec)] -> xpath: //input[@id='sign-up-agreements']]\nSession ID: dcec8881e9b7d36fe812f5b02447f6ec","time":{"start":1704455453192,"stop":1704455453708,"duration":516}},{"uid":"9cea09e140db446c","reportUrl":"https://alex-evt.github.io/IT-INCUB-Inctagram/39//#testresult/9cea09e140db446c","status":"passed","time":{"start":1701907114812,"stop":1701907115661,"duration":849}},{"uid":"429b2e260ddc1ad0","reportUrl":"https://alex-evt.github.io/IT-INCUB-Inctagram/38//#testresult/429b2e260ddc1ad0","status":"passed","time":{"start":1701904561012,"stop":1701904561875,"duration":863}},{"uid":"b7b6567d6001edb3","reportUrl":"https://alex-evt.github.io/IT-INCUB-Inctagram/37//#testresult/b7b6567d6001edb3","status":"passed","time":{"start":1701904138694,"stop":1701904139560,"duration":866}},{"uid":"3b6f948916c142bb","reportUrl":"https://alex-evt.github.io/IT-INCUB-Inctagram/35//#testresult/3b6f948916c142bb","status":"passed","time":{"start":1701902694400,"stop":1701902695280,"duration":880}},{"uid":"33fef8d6ed19c918","reportUrl":"https://alex-evt.github.io/IT-INCUB-Inctagram/34//#testresult/33fef8d6ed19c918","status":"passed","time":{"start":1701895589380,"stop":1701895590270,"duration":890}}]},"tags":[]},"source":"987621fa641e1d86.json","parameterValues":["?"]}