{"uid":"bcad077f57e11d56","name":"verifyPasswordErrorIfPasswordLessThan6Characters","fullName":"tests.RegistrationTest.verifyPasswordErrorIfPasswordLessThan6Characters","historyId":"db4eb14ecf1222736c9f6478e0ba15c9","time":{"start":1704456669050,"stop":1704456669567,"duration":517},"description":"Error message when password contains less than 6 characters","descriptionHtml":"<p>Error message when password contains less than 6 characters</p>\n","status":"failed","statusMessage":"expected [Password must be at least 6 characters] but found [Пароль должен быть не менее 6 символов]","statusTrace":"java.lang.AssertionError: expected [Password must be at least 6 characters] but found [Пароль должен быть не менее 6 символов]\n\tat org.testng.Assert.fail(Assert.java:111)\n\tat org.testng.Assert.failNotEquals(Assert.java:1578)\n\tat org.testng.Assert.assertEqualsImpl(Assert.java:150)\n\tat org.testng.Assert.assertEquals(Assert.java:132)\n\tat org.testng.Assert.assertEquals(Assert.java:656)\n\tat org.testng.Assert.assertEquals(Assert.java:666)\n\tat tests.RegistrationTest.verifyPasswordErrorIfPasswordLessThan6Characters(RegistrationTest.java:197)\n\tat java.base/jdk.internal.reflect.DirectMethodHandleAccessor.invoke(DirectMethodHandleAccessor.java:104)\n\tat java.base/java.lang.reflect.Method.invoke(Method.java:577)\n\tat org.testng.internal.invokers.MethodInvocationHelper.invokeMethod(MethodInvocationHelper.java:139)\n\tat org.testng.internal.invokers.TestInvoker.invokeMethod(TestInvoker.java:664)\n\tat org.testng.internal.invokers.TestInvoker.invokeTestMethod(TestInvoker.java:227)\n\tat org.testng.internal.invokers.MethodRunner.runInSequence(MethodRunner.java:50)\n\tat org.testng.internal.invokers.TestInvoker$MethodInvocationAgent.invoke(TestInvoker.java:957)\n\tat org.testng.internal.invokers.TestInvoker.invokeTestMethods(TestInvoker.java:200)\n\tat org.testng.internal.invokers.TestMethodWorker.invokeTestMethods(TestMethodWorker.java:148)\n\tat org.testng.internal.invokers.TestMethodWorker.run(TestMethodWorker.java:128)\n\tat java.base/java.util.ArrayList.forEach(ArrayList.java:1511)\n\tat org.testng.TestRunner.privateRun(TestRunner.java:848)\n\tat org.testng.TestRunner.run(TestRunner.java:621)\n\tat org.testng.SuiteRunner.runTest(SuiteRunner.java:443)\n\tat org.testng.SuiteRunner.runSequentially(SuiteRunner.java:437)\n\tat org.testng.SuiteRunner.privateRun(SuiteRunner.java:397)\n\tat org.testng.SuiteRunner.run(SuiteRunner.java:336)\n\tat org.testng.SuiteRunnerWorker.runSuite(SuiteRunnerWorker.java:52)\n\tat org.testng.SuiteRunnerWorker.run(SuiteRunnerWorker.java:95)\n\tat org.testng.TestNG.runSuitesSequentially(TestNG.java:1280)\n\tat org.testng.TestNG.runSuitesLocally(TestNG.java:1200)\n\tat org.testng.TestNG.runSuites(TestNG.java:1114)\n\tat org.testng.TestNG.run(TestNG.java:1082)\n\tat org.apache.maven.surefire.testng.TestNGExecutor.run(TestNGExecutor.java:308)\n\tat org.apache.maven.surefire.testng.TestNGXmlTestSuite.execute(TestNGXmlTestSuite.java:71)\n\tat org.apache.maven.surefire.testng.TestNGProvider.invoke(TestNGProvider.java:113)\n\tat org.apache.maven.surefire.booter.ForkedBooter.runSuitesInProcess(ForkedBooter.java:385)\n\tat org.apache.maven.surefire.booter.ForkedBooter.execute(ForkedBooter.java:162)\n\tat org.apache.maven.surefire.booter.ForkedBooter.run(ForkedBooter.java:507)\n\tat org.apache.maven.surefire.booter.ForkedBooter.main(ForkedBooter.java:495)\n","flaky":false,"newFailed":true,"newBroken":false,"newPassed":false,"retriesCount":0,"retriesStatusChange":false,"beforeStages":[{"name":"startBrowser","time":{"start":1704456528030,"stop":1704456535841,"duration":7811},"description":"","status":"passed","steps":[],"attachments":[],"parameters":[],"shouldDisplayMessage":false,"stepsCount":0,"attachmentsCount":0,"hasContent":false,"attachmentStep":false},{"name":"initAndLogin","time":{"start":1704456535842,"stop":1704456535872,"duration":30},"description":"","status":"passed","steps":[],"attachments":[],"parameters":[],"shouldDisplayMessage":false,"stepsCount":0,"attachmentsCount":0,"hasContent":false,"attachmentStep":false}],"testStage":{"description":"Error message when password contains less than 6 characters","status":"failed","statusMessage":"expected [Password must be at least 6 characters] but found [Пароль должен быть не менее 6 символов]","statusTrace":"java.lang.AssertionError: expected [Password must be at least 6 characters] but found [Пароль должен быть не менее 6 символов]\n\tat org.testng.Assert.fail(Assert.java:111)\n\tat org.testng.Assert.failNotEquals(Assert.java:1578)\n\tat org.testng.Assert.assertEqualsImpl(Assert.java:150)\n\tat org.testng.Assert.assertEquals(Assert.java:132)\n\tat org.testng.Assert.assertEquals(Assert.java:656)\n\tat org.testng.Assert.assertEquals(Assert.java:666)\n\tat tests.RegistrationTest.verifyPasswordErrorIfPasswordLessThan6Characters(RegistrationTest.java:197)\n\tat java.base/jdk.internal.reflect.DirectMethodHandleAccessor.invoke(DirectMethodHandleAccessor.java:104)\n\tat java.base/java.lang.reflect.Method.invoke(Method.java:577)\n\tat org.testng.internal.invokers.MethodInvocationHelper.invokeMethod(MethodInvocationHelper.java:139)\n\tat org.testng.internal.invokers.TestInvoker.invokeMethod(TestInvoker.java:664)\n\tat org.testng.internal.invokers.TestInvoker.invokeTestMethod(TestInvoker.java:227)\n\tat org.testng.internal.invokers.MethodRunner.runInSequence(MethodRunner.java:50)\n\tat org.testng.internal.invokers.TestInvoker$MethodInvocationAgent.invoke(TestInvoker.java:957)\n\tat org.testng.internal.invokers.TestInvoker.invokeTestMethods(TestInvoker.java:200)\n\tat org.testng.internal.invokers.TestMethodWorker.invokeTestMethods(TestMethodWorker.java:148)\n\tat org.testng.internal.invokers.TestMethodWorker.run(TestMethodWorker.java:128)\n\tat java.base/java.util.ArrayList.forEach(ArrayList.java:1511)\n\tat org.testng.TestRunner.privateRun(TestRunner.java:848)\n\tat org.testng.TestRunner.run(TestRunner.java:621)\n\tat org.testng.SuiteRunner.runTest(SuiteRunner.java:443)\n\tat org.testng.SuiteRunner.runSequentially(SuiteRunner.java:437)\n\tat org.testng.SuiteRunner.privateRun(SuiteRunner.java:397)\n\tat org.testng.SuiteRunner.run(SuiteRunner.java:336)\n\tat org.testng.SuiteRunnerWorker.runSuite(SuiteRunnerWorker.java:52)\n\tat org.testng.SuiteRunnerWorker.run(SuiteRunnerWorker.java:95)\n\tat org.testng.TestNG.runSuitesSequentially(TestNG.java:1280)\n\tat org.testng.TestNG.runSuitesLocally(TestNG.java:1200)\n\tat org.testng.TestNG.runSuites(TestNG.java:1114)\n\tat org.testng.TestNG.run(TestNG.java:1082)\n\tat org.apache.maven.surefire.testng.TestNGExecutor.run(TestNGExecutor.java:308)\n\tat org.apache.maven.surefire.testng.TestNGXmlTestSuite.execute(TestNGXmlTestSuite.java:71)\n\tat org.apache.maven.surefire.testng.TestNGProvider.invoke(TestNGProvider.java:113)\n\tat org.apache.maven.surefire.booter.ForkedBooter.runSuitesInProcess(ForkedBooter.java:385)\n\tat org.apache.maven.surefire.booter.ForkedBooter.execute(ForkedBooter.java:162)\n\tat org.apache.maven.surefire.booter.ForkedBooter.run(ForkedBooter.java:507)\n\tat org.apache.maven.surefire.booter.ForkedBooter.main(ForkedBooter.java:495)\n","steps":[{"name":"User registration without email confirmation","time":{"start":1704456669051,"stop":1704456669422,"duration":371},"status":"passed","steps":[{"name":"Open https://inctagram-next-app-dir-git-develop-fightersforjustice.vercel.app/sign-up","time":{"start":1704456669051,"stop":1704456669156,"duration":105},"status":"passed","steps":[],"attachments":[],"parameters":[{"name":"url","value":"https://inctagram-next-app-dir-git-develop-fightersforjustice.vercel.app/sign-up"}],"shouldDisplayMessage":false,"stepsCount":0,"attachmentsCount":0,"hasContent":true,"attachmentStep":false},{"name":"Fill in Fklzxviqi8 in Username field","time":{"start":1704456669157,"stop":1704456669214,"duration":57},"status":"passed","steps":[],"attachments":[],"parameters":[{"name":"username","value":"Fklzxviqi8"}],"shouldDisplayMessage":false,"stepsCount":0,"attachmentsCount":0,"hasContent":true,"attachmentStep":false},{"name":"Fill in palhb@qlva.tff in Email field","time":{"start":1704456669214,"stop":1704456669274,"duration":60},"status":"passed","steps":[],"attachments":[],"parameters":[{"name":"email","value":"palhb@qlva.tff"}],"shouldDisplayMessage":false,"stepsCount":0,"attachmentsCount":0,"hasContent":true,"attachmentStep":false},{"name":"Fill in As1! in Password field","time":{"start":1704456669274,"stop":1704456669324,"duration":50},"status":"passed","steps":[],"attachments":[],"parameters":[{"name":"password","value":"As1!"}],"shouldDisplayMessage":false,"stepsCount":0,"attachmentsCount":0,"hasContent":true,"attachmentStep":false},{"name":"Fill in As1! in Password confirmation field","time":{"start":1704456669324,"stop":1704456669363,"duration":39},"status":"passed","steps":[],"attachments":[],"parameters":[{"name":"confirmationPassword","value":"As1!"}],"shouldDisplayMessage":false,"stepsCount":0,"attachmentsCount":0,"hasContent":true,"attachmentStep":false},{"name":"Click on the checkbox","time":{"start":1704456669363,"stop":1704456669392,"duration":29},"status":"passed","steps":[],"attachments":[],"parameters":[],"shouldDisplayMessage":false,"stepsCount":0,"attachmentsCount":0,"hasContent":false,"attachmentStep":false},{"name":"Click Sign Up","time":{"start":1704456669392,"stop":1704456669422,"duration":30},"status":"passed","steps":[],"attachments":[],"parameters":[],"shouldDisplayMessage":false,"stepsCount":0,"attachmentsCount":0,"hasContent":false,"attachmentStep":false}],"attachments":[],"parameters":[{"name":"user","value":"User(userName=Fklzxviqi8, email=palhb@qlva.tff, password=As1!, passwordConfirm=As1!)"}],"shouldDisplayMessage":false,"stepsCount":7,"attachmentsCount":0,"hasContent":true,"attachmentStep":false}],"attachments":[{"uid":"9a1500567d792ea4","name":"screenshot of : verifyPasswordErrorIfPasswordLessThan6Characters","source":"9a1500567d792ea4.png","type":"image/png","size":50226}],"parameters":[],"shouldDisplayMessage":true,"stepsCount":8,"attachmentsCount":1,"hasContent":true,"attachmentStep":false},"afterStages":[{"name":"stopBrowser","time":{"start":1704456728932,"stop":1704456729008,"duration":76},"description":"","status":"passed","steps":[],"attachments":[],"parameters":[],"shouldDisplayMessage":false,"stepsCount":0,"attachmentsCount":0,"hasContent":false,"attachmentStep":false}],"labels":[{"name":"package","value":"tests.RegistrationTest"},{"name":"testClass","value":"tests.RegistrationTest"},{"name":"testMethod","value":"verifyPasswordErrorIfPasswordLessThan6Characters"},{"name":"parentSuite","value":"TestSuite"},{"name":"suite","value":"Regression"},{"name":"subSuite","value":"tests.RegistrationTest"},{"name":"host","value":"fv-az1501-788"},{"name":"thread","value":"2332@fv-az1501-788.main(1)"},{"name":"framework","value":"testng"},{"name":"language","value":"java"},{"name":"resultFormat","value":"allure2"}],"parameters":[],"links":[{"name":"IN-349","url":"https://app.qase.io/case/IN-349","type":"tms"}],"hidden":false,"retry":false,"extra":{"severity":"normal","retries":[],"categories":[{"name":"Product defects","matchedStatuses":[],"flaky":false}],"history":{"statistic":{"failed":1,"broken":1,"skipped":0,"passed":5,"unknown":0,"total":7},"items":[{"uid":"5303bcc24470ed9b","reportUrl":"https://alex-evt.github.io/IT-INCUB-Inctagram/40//#testresult/5303bcc24470ed9b","status":"broken","statusDetails":"element not interactable\n  (Session info: chrome-headless-shell=120.0.6099.109)\nBuild info: version: '4.14.1', revision: '03f8ede370'\nSystem info: os.name: 'Linux', os.arch: 'amd64', os.version: '6.2.0-1018-azure', java.version: '18.0.2'\nDriver info: org.openqa.selenium.chrome.ChromeDriver\nCommand: [dcec8881e9b7d36fe812f5b02447f6ec, clickElement {id=3069070882015FDBA8B12621131AC2C1_element_1943}]\nCapabilities {acceptInsecureCerts: false, browserName: chrome-headless-shell, browserVersion: 120.0.6099.109, chrome: {chromedriverVersion: 120.0.6099.109 (3419140ab66..., userDataDir: /tmp/.org.chromium.Chromium...}, fedcm:accounts: true, goog:chromeOptions: {debuggerAddress: localhost:45833}, networkConnectionEnabled: false, pageLoadStrategy: normal, platformName: linux, proxy: Proxy(), se:cdp: ws://localhost:45833/devtoo..., se:cdpVersion: 120.0.6099.109, setWindowRect: true, strictFileInteractability: false, timeouts: {implicit: 0, pageLoad: 300000, script: 30000}, unhandledPromptBehavior: dismiss and notify, webauthn:extension:credBlob: true, webauthn:extension:largeBlob: true, webauthn:extension:minPinLength: true, webauthn:extension:prf: true, webauthn:virtualAuthenticators: true}\nElement: [[ChromeDriver: chrome-headless-shell on linux (dcec8881e9b7d36fe812f5b02447f6ec)] -> xpath: //input[@id='sign-up-agreements']]\nSession ID: dcec8881e9b7d36fe812f5b02447f6ec","time":{"start":1704455455110,"stop":1704455455642,"duration":532}},{"uid":"5fb3a9f055db2648","reportUrl":"https://alex-evt.github.io/IT-INCUB-Inctagram/39//#testresult/5fb3a9f055db2648","status":"passed","time":{"start":1701907117386,"stop":1701907118224,"duration":838}},{"uid":"bdffc93d1384e37e","reportUrl":"https://alex-evt.github.io/IT-INCUB-Inctagram/38//#testresult/bdffc93d1384e37e","status":"passed","time":{"start":1701904563622,"stop":1701904564481,"duration":859}},{"uid":"f04fbd55eb62bdca","reportUrl":"https://alex-evt.github.io/IT-INCUB-Inctagram/37//#testresult/f04fbd55eb62bdca","status":"passed","time":{"start":1701904141319,"stop":1701904142196,"duration":877}},{"uid":"2708cda10c0ad22","reportUrl":"https://alex-evt.github.io/IT-INCUB-Inctagram/35//#testresult/2708cda10c0ad22","status":"passed","time":{"start":1701902697029,"stop":1701902697886,"duration":857}},{"uid":"33ff788476518612","reportUrl":"https://alex-evt.github.io/IT-INCUB-Inctagram/34//#testresult/33ff788476518612","status":"passed","time":{"start":1701895591995,"stop":1701895592831,"duration":836}}]},"tags":[]},"source":"bcad077f57e11d56.json","parameterValues":[]}