{"uid":"fc050adb29e8cf25","name":"verifyErrorIfPasswordNotMeetRequirements","fullName":"tests.RegistrationTest.verifyErrorIfPasswordNotMeetRequirements","historyId":"7ddb5d2d42d006d1b79777f3124ef919","time":{"start":1704456613952,"stop":1704456614518,"duration":566},"description":"Registration failure when password doesn't meet requirements","descriptionHtml":"<p>Registration failure when password doesn't meet requirements</p>\n","status":"failed","statusMessage":"expected [Password must not contain spaces] but found [Пароль не должен содержать пробелов]","statusTrace":"java.lang.AssertionError: expected [Password must not contain spaces] but found [Пароль не должен содержать пробелов]\n\tat org.testng.Assert.fail(Assert.java:111)\n\tat org.testng.Assert.failNotEquals(Assert.java:1578)\n\tat org.testng.Assert.assertEqualsImpl(Assert.java:150)\n\tat org.testng.Assert.assertEquals(Assert.java:132)\n\tat org.testng.Assert.assertEquals(Assert.java:656)\n\tat org.testng.Assert.assertEquals(Assert.java:666)\n\tat tests.RegistrationTest.verifyErrorIfPasswordNotMeetRequirements(RegistrationTest.java:267)\n\tat java.base/jdk.internal.reflect.DirectMethodHandleAccessor.invoke(DirectMethodHandleAccessor.java:104)\n\tat java.base/java.lang.reflect.Method.invoke(Method.java:577)\n\tat org.testng.internal.invokers.MethodInvocationHelper.invokeMethod(MethodInvocationHelper.java:139)\n\tat org.testng.internal.invokers.TestInvoker.invokeMethod(TestInvoker.java:664)\n\tat org.testng.internal.invokers.TestInvoker.invokeTestMethod(TestInvoker.java:227)\n\tat org.testng.internal.invokers.MethodRunner.runInSequence(MethodRunner.java:50)\n\tat org.testng.internal.invokers.TestInvoker$MethodInvocationAgent.invoke(TestInvoker.java:957)\n\tat org.testng.internal.invokers.TestInvoker.invokeTestMethods(TestInvoker.java:200)\n\tat org.testng.internal.invokers.TestMethodWorker.invokeTestMethods(TestMethodWorker.java:148)\n\tat org.testng.internal.invokers.TestMethodWorker.run(TestMethodWorker.java:128)\n\tat java.base/java.util.ArrayList.forEach(ArrayList.java:1511)\n\tat org.testng.TestRunner.privateRun(TestRunner.java:848)\n\tat org.testng.TestRunner.run(TestRunner.java:621)\n\tat org.testng.SuiteRunner.runTest(SuiteRunner.java:443)\n\tat org.testng.SuiteRunner.runSequentially(SuiteRunner.java:437)\n\tat org.testng.SuiteRunner.privateRun(SuiteRunner.java:397)\n\tat org.testng.SuiteRunner.run(SuiteRunner.java:336)\n\tat org.testng.SuiteRunnerWorker.runSuite(SuiteRunnerWorker.java:52)\n\tat org.testng.SuiteRunnerWorker.run(SuiteRunnerWorker.java:95)\n\tat org.testng.TestNG.runSuitesSequentially(TestNG.java:1280)\n\tat org.testng.TestNG.runSuitesLocally(TestNG.java:1200)\n\tat org.testng.TestNG.runSuites(TestNG.java:1114)\n\tat org.testng.TestNG.run(TestNG.java:1082)\n\tat org.apache.maven.surefire.testng.TestNGExecutor.run(TestNGExecutor.java:308)\n\tat org.apache.maven.surefire.testng.TestNGXmlTestSuite.execute(TestNGXmlTestSuite.java:71)\n\tat org.apache.maven.surefire.testng.TestNGProvider.invoke(TestNGProvider.java:113)\n\tat org.apache.maven.surefire.booter.ForkedBooter.runSuitesInProcess(ForkedBooter.java:385)\n\tat org.apache.maven.surefire.booter.ForkedBooter.execute(ForkedBooter.java:162)\n\tat org.apache.maven.surefire.booter.ForkedBooter.run(ForkedBooter.java:507)\n\tat org.apache.maven.surefire.booter.ForkedBooter.main(ForkedBooter.java:495)\n","flaky":false,"newFailed":false,"newBroken":false,"newPassed":false,"retriesCount":0,"retriesStatusChange":false,"beforeStages":[{"name":"startBrowser","time":{"start":1704456528030,"stop":1704456535841,"duration":7811},"description":"","status":"passed","steps":[],"attachments":[],"parameters":[],"shouldDisplayMessage":false,"stepsCount":0,"attachmentsCount":0,"hasContent":false,"attachmentStep":false},{"name":"initAndLogin","time":{"start":1704456535842,"stop":1704456535872,"duration":30},"description":"","status":"passed","steps":[],"attachments":[],"parameters":[],"shouldDisplayMessage":false,"stepsCount":0,"attachmentsCount":0,"hasContent":false,"attachmentStep":false}],"testStage":{"description":"Registration failure when password doesn't meet requirements","status":"failed","statusMessage":"expected [Password must not contain spaces] but found [Пароль не должен содержать пробелов]","statusTrace":"java.lang.AssertionError: expected [Password must not contain spaces] but found [Пароль не должен содержать пробелов]\n\tat org.testng.Assert.fail(Assert.java:111)\n\tat org.testng.Assert.failNotEquals(Assert.java:1578)\n\tat org.testng.Assert.assertEqualsImpl(Assert.java:150)\n\tat org.testng.Assert.assertEquals(Assert.java:132)\n\tat org.testng.Assert.assertEquals(Assert.java:656)\n\tat org.testng.Assert.assertEquals(Assert.java:666)\n\tat tests.RegistrationTest.verifyErrorIfPasswordNotMeetRequirements(RegistrationTest.java:267)\n\tat java.base/jdk.internal.reflect.DirectMethodHandleAccessor.invoke(DirectMethodHandleAccessor.java:104)\n\tat java.base/java.lang.reflect.Method.invoke(Method.java:577)\n\tat org.testng.internal.invokers.MethodInvocationHelper.invokeMethod(MethodInvocationHelper.java:139)\n\tat org.testng.internal.invokers.TestInvoker.invokeMethod(TestInvoker.java:664)\n\tat org.testng.internal.invokers.TestInvoker.invokeTestMethod(TestInvoker.java:227)\n\tat org.testng.internal.invokers.MethodRunner.runInSequence(MethodRunner.java:50)\n\tat org.testng.internal.invokers.TestInvoker$MethodInvocationAgent.invoke(TestInvoker.java:957)\n\tat org.testng.internal.invokers.TestInvoker.invokeTestMethods(TestInvoker.java:200)\n\tat org.testng.internal.invokers.TestMethodWorker.invokeTestMethods(TestMethodWorker.java:148)\n\tat org.testng.internal.invokers.TestMethodWorker.run(TestMethodWorker.java:128)\n\tat java.base/java.util.ArrayList.forEach(ArrayList.java:1511)\n\tat org.testng.TestRunner.privateRun(TestRunner.java:848)\n\tat org.testng.TestRunner.run(TestRunner.java:621)\n\tat org.testng.SuiteRunner.runTest(SuiteRunner.java:443)\n\tat org.testng.SuiteRunner.runSequentially(SuiteRunner.java:437)\n\tat org.testng.SuiteRunner.privateRun(SuiteRunner.java:397)\n\tat org.testng.SuiteRunner.run(SuiteRunner.java:336)\n\tat org.testng.SuiteRunnerWorker.runSuite(SuiteRunnerWorker.java:52)\n\tat org.testng.SuiteRunnerWorker.run(SuiteRunnerWorker.java:95)\n\tat org.testng.TestNG.runSuitesSequentially(TestNG.java:1280)\n\tat org.testng.TestNG.runSuitesLocally(TestNG.java:1200)\n\tat org.testng.TestNG.runSuites(TestNG.java:1114)\n\tat org.testng.TestNG.run(TestNG.java:1082)\n\tat org.apache.maven.surefire.testng.TestNGExecutor.run(TestNGExecutor.java:308)\n\tat org.apache.maven.surefire.testng.TestNGXmlTestSuite.execute(TestNGXmlTestSuite.java:71)\n\tat org.apache.maven.surefire.testng.TestNGProvider.invoke(TestNGProvider.java:113)\n\tat org.apache.maven.surefire.booter.ForkedBooter.runSuitesInProcess(ForkedBooter.java:385)\n\tat org.apache.maven.surefire.booter.ForkedBooter.execute(ForkedBooter.java:162)\n\tat org.apache.maven.surefire.booter.ForkedBooter.run(ForkedBooter.java:507)\n\tat org.apache.maven.surefire.booter.ForkedBooter.main(ForkedBooter.java:495)\n","steps":[{"name":"User registration without email confirmation","time":{"start":1704456613953,"stop":1704456614366,"duration":413},"status":"passed","steps":[{"name":"Open https://inctagram-next-app-dir-git-develop-fightersforjustice.vercel.app/sign-up","time":{"start":1704456613953,"stop":1704456614096,"duration":143},"status":"passed","steps":[],"attachments":[],"parameters":[{"name":"url","value":"https://inctagram-next-app-dir-git-develop-fightersforjustice.vercel.app/sign-up"}],"shouldDisplayMessage":false,"stepsCount":0,"attachmentsCount":0,"hasContent":true,"attachmentStep":false},{"name":"Fill in Uadlvnqxv2 in Username field","time":{"start":1704456614096,"stop":1704456614155,"duration":59},"status":"passed","steps":[],"attachments":[],"parameters":[{"name":"username","value":"Uadlvnqxv2"}],"shouldDisplayMessage":false,"stepsCount":0,"attachmentsCount":0,"hasContent":true,"attachmentStep":false},{"name":"Fill in cavjl@jirv.con in Email field","time":{"start":1704456614155,"stop":1704456614214,"duration":59},"status":"passed","steps":[],"attachments":[],"parameters":[{"name":"email","value":"cavjl@jirv.con"}],"shouldDisplayMessage":false,"stepsCount":0,"attachmentsCount":0,"hasContent":true,"attachmentStep":false},{"name":"Fill in  Jyq4#% in Password field","time":{"start":1704456614214,"stop":1704456614266,"duration":52},"status":"passed","steps":[],"attachments":[],"parameters":[{"name":"password","value":" Jyq4#%"}],"shouldDisplayMessage":false,"stepsCount":0,"attachmentsCount":0,"hasContent":true,"attachmentStep":false},{"name":"Fill in  Jyq4#% in Password confirmation field","time":{"start":1704456614266,"stop":1704456614311,"duration":45},"status":"passed","steps":[],"attachments":[],"parameters":[{"name":"confirmationPassword","value":" Jyq4#%"}],"shouldDisplayMessage":false,"stepsCount":0,"attachmentsCount":0,"hasContent":true,"attachmentStep":false},{"name":"Click on the checkbox","time":{"start":1704456614311,"stop":1704456614338,"duration":27},"status":"passed","steps":[],"attachments":[],"parameters":[],"shouldDisplayMessage":false,"stepsCount":0,"attachmentsCount":0,"hasContent":false,"attachmentStep":false},{"name":"Click Sign Up","time":{"start":1704456614338,"stop":1704456614366,"duration":28},"status":"passed","steps":[],"attachments":[],"parameters":[],"shouldDisplayMessage":false,"stepsCount":0,"attachmentsCount":0,"hasContent":false,"attachmentStep":false}],"attachments":[],"parameters":[{"name":"user","value":"User(userName=Uadlvnqxv2, email=cavjl@jirv.con, password= Jyq4#%, passwordConfirm= Jyq4#%)"}],"shouldDisplayMessage":false,"stepsCount":7,"attachmentsCount":0,"hasContent":true,"attachmentStep":false}],"attachments":[{"uid":"49987de148d2a565","name":"screenshot of : verifyErrorIfPasswordNotMeetRequirements","source":"49987de148d2a565.png","type":"image/png","size":46522}],"parameters":[],"shouldDisplayMessage":true,"stepsCount":8,"attachmentsCount":1,"hasContent":true,"attachmentStep":false},"afterStages":[{"name":"stopBrowser","time":{"start":1704456728932,"stop":1704456729008,"duration":76},"description":"","status":"passed","steps":[],"attachments":[],"parameters":[],"shouldDisplayMessage":false,"stepsCount":0,"attachmentsCount":0,"hasContent":false,"attachmentStep":false}],"labels":[{"name":"package","value":"tests.RegistrationTest"},{"name":"testClass","value":"tests.RegistrationTest"},{"name":"testMethod","value":"verifyErrorIfPasswordNotMeetRequirements"},{"name":"parentSuite","value":"TestSuite"},{"name":"suite","value":"Regression"},{"name":"subSuite","value":"tests.RegistrationTest"},{"name":"host","value":"fv-az1501-788"},{"name":"thread","value":"2332@fv-az1501-788.main(1)"},{"name":"framework","value":"testng"},{"name":"language","value":"java"},{"name":"resultFormat","value":"allure2"}],"parameters":[{"name":"arg0","value":" Jyq4#%"},{"name":"arg1","value":"Password must not contain spaces"}],"links":[{"name":"IN-347","url":"https://app.qase.io/case/IN-347","type":"tms"}],"hidden":false,"retry":false,"extra":{"severity":"normal","retries":[],"categories":[{"name":"Product defects","matchedStatuses":[],"flaky":false}],"tags":[]},"source":"fc050adb29e8cf25.json","parameterValues":[" Jyq4#%","Password must not contain spaces"]}