{"uid":"a28082fcb8803cf8","name":"verifyEmptyFieldsAfterRegistration","fullName":"tests.RegistrationTest.verifyEmptyFieldsAfterRegistration","historyId":"80d25d08db953dcb50bfbffafb0cc90b","time":{"start":1701902546934,"stop":1701902556485,"duration":9551},"description":"Registration fields form is empty after submitting the form","descriptionHtml":"<p>Registration fields form is empty after submitting the form</p>\n","status":"failed","statusMessage":"The following asserts failed:\n\texpected [true] but found [false]","statusTrace":"java.lang.AssertionError: The following asserts failed:\n\texpected [true] but found [false]\n\tat org.testng.asserts.SoftAssert.assertAll(SoftAssert.java:46)\n\tat org.testng.asserts.SoftAssert.assertAll(SoftAssert.java:30)\n\tat tests.RegistrationTest.verifyEmptyFieldsAfterRegistration(RegistrationTest.java:435)\n\tat java.base/jdk.internal.reflect.DirectMethodHandleAccessor.invoke(DirectMethodHandleAccessor.java:104)\n\tat java.base/java.lang.reflect.Method.invoke(Method.java:577)\n\tat org.testng.internal.invokers.MethodInvocationHelper.invokeMethod(MethodInvocationHelper.java:139)\n\tat org.testng.internal.invokers.TestInvoker.invokeMethod(TestInvoker.java:664)\n\tat org.testng.internal.invokers.TestInvoker.invokeTestMethod(TestInvoker.java:227)\n\tat org.testng.internal.invokers.MethodRunner.runInSequence(MethodRunner.java:50)\n\tat org.testng.internal.invokers.TestInvoker$MethodInvocationAgent.invoke(TestInvoker.java:957)\n\tat org.testng.internal.invokers.TestInvoker.invokeTestMethods(TestInvoker.java:200)\n\tat org.testng.internal.invokers.TestMethodWorker.invokeTestMethods(TestMethodWorker.java:148)\n\tat org.testng.internal.invokers.TestMethodWorker.run(TestMethodWorker.java:128)\n\tat java.base/java.util.ArrayList.forEach(ArrayList.java:1511)\n\tat org.testng.TestRunner.privateRun(TestRunner.java:848)\n\tat org.testng.TestRunner.run(TestRunner.java:621)\n\tat org.testng.SuiteRunner.runTest(SuiteRunner.java:443)\n\tat org.testng.SuiteRunner.runSequentially(SuiteRunner.java:437)\n\tat org.testng.SuiteRunner.privateRun(SuiteRunner.java:397)\n\tat org.testng.SuiteRunner.run(SuiteRunner.java:336)\n\tat org.testng.SuiteRunnerWorker.runSuite(SuiteRunnerWorker.java:52)\n\tat org.testng.SuiteRunnerWorker.run(SuiteRunnerWorker.java:95)\n\tat org.testng.TestNG.runSuitesSequentially(TestNG.java:1280)\n\tat org.testng.TestNG.runSuitesLocally(TestNG.java:1200)\n\tat org.testng.TestNG.runSuites(TestNG.java:1114)\n\tat org.testng.TestNG.run(TestNG.java:1082)\n\tat org.apache.maven.surefire.testng.TestNGExecutor.run(TestNGExecutor.java:308)\n\tat org.apache.maven.surefire.testng.TestNGXmlTestSuite.execute(TestNGXmlTestSuite.java:71)\n\tat org.apache.maven.surefire.testng.TestNGProvider.invoke(TestNGProvider.java:113)\n\tat org.apache.maven.surefire.booter.ForkedBooter.runSuitesInProcess(ForkedBooter.java:385)\n\tat org.apache.maven.surefire.booter.ForkedBooter.execute(ForkedBooter.java:162)\n\tat org.apache.maven.surefire.booter.ForkedBooter.run(ForkedBooter.java:507)\n\tat org.apache.maven.surefire.booter.ForkedBooter.main(ForkedBooter.java:495)\n","flaky":false,"newFailed":false,"newBroken":false,"newPassed":false,"retriesCount":0,"retriesStatusChange":false,"beforeStages":[{"name":"startBrowser","time":{"start":1701902540348,"stop":1701902546887,"duration":6539},"description":"","status":"passed","steps":[],"attachments":[],"parameters":[],"shouldDisplayMessage":false,"stepsCount":0,"attachmentsCount":0,"hasContent":false,"attachmentStep":false},{"name":"initAndLogin","time":{"start":1701902546888,"stop":1701902546918,"duration":30},"description":"","status":"passed","steps":[],"attachments":[],"parameters":[],"shouldDisplayMessage":false,"stepsCount":0,"attachmentsCount":0,"hasContent":false,"attachmentStep":false}],"testStage":{"description":"Registration fields form is empty after submitting the form","status":"failed","statusMessage":"The following asserts failed:\n\texpected [true] but found [false]","statusTrace":"java.lang.AssertionError: The following asserts failed:\n\texpected [true] but found [false]\n\tat org.testng.asserts.SoftAssert.assertAll(SoftAssert.java:46)\n\tat org.testng.asserts.SoftAssert.assertAll(SoftAssert.java:30)\n\tat tests.RegistrationTest.verifyEmptyFieldsAfterRegistration(RegistrationTest.java:435)\n\tat java.base/jdk.internal.reflect.DirectMethodHandleAccessor.invoke(DirectMethodHandleAccessor.java:104)\n\tat java.base/java.lang.reflect.Method.invoke(Method.java:577)\n\tat org.testng.internal.invokers.MethodInvocationHelper.invokeMethod(MethodInvocationHelper.java:139)\n\tat org.testng.internal.invokers.TestInvoker.invokeMethod(TestInvoker.java:664)\n\tat org.testng.internal.invokers.TestInvoker.invokeTestMethod(TestInvoker.java:227)\n\tat org.testng.internal.invokers.MethodRunner.runInSequence(MethodRunner.java:50)\n\tat org.testng.internal.invokers.TestInvoker$MethodInvocationAgent.invoke(TestInvoker.java:957)\n\tat org.testng.internal.invokers.TestInvoker.invokeTestMethods(TestInvoker.java:200)\n\tat org.testng.internal.invokers.TestMethodWorker.invokeTestMethods(TestMethodWorker.java:148)\n\tat org.testng.internal.invokers.TestMethodWorker.run(TestMethodWorker.java:128)\n\tat java.base/java.util.ArrayList.forEach(ArrayList.java:1511)\n\tat org.testng.TestRunner.privateRun(TestRunner.java:848)\n\tat org.testng.TestRunner.run(TestRunner.java:621)\n\tat org.testng.SuiteRunner.runTest(SuiteRunner.java:443)\n\tat org.testng.SuiteRunner.runSequentially(SuiteRunner.java:437)\n\tat org.testng.SuiteRunner.privateRun(SuiteRunner.java:397)\n\tat org.testng.SuiteRunner.run(SuiteRunner.java:336)\n\tat org.testng.SuiteRunnerWorker.runSuite(SuiteRunnerWorker.java:52)\n\tat org.testng.SuiteRunnerWorker.run(SuiteRunnerWorker.java:95)\n\tat org.testng.TestNG.runSuitesSequentially(TestNG.java:1280)\n\tat org.testng.TestNG.runSuitesLocally(TestNG.java:1200)\n\tat org.testng.TestNG.runSuites(TestNG.java:1114)\n\tat org.testng.TestNG.run(TestNG.java:1082)\n\tat org.apache.maven.surefire.testng.TestNGExecutor.run(TestNGExecutor.java:308)\n\tat org.apache.maven.surefire.testng.TestNGXmlTestSuite.execute(TestNGXmlTestSuite.java:71)\n\tat org.apache.maven.surefire.testng.TestNGProvider.invoke(TestNGProvider.java:113)\n\tat org.apache.maven.surefire.booter.ForkedBooter.runSuitesInProcess(ForkedBooter.java:385)\n\tat org.apache.maven.surefire.booter.ForkedBooter.execute(ForkedBooter.java:162)\n\tat org.apache.maven.surefire.booter.ForkedBooter.run(ForkedBooter.java:507)\n\tat org.apache.maven.surefire.booter.ForkedBooter.main(ForkedBooter.java:495)\n","steps":[{"name":"User registration without email confirmation","time":{"start":1701902547037,"stop":1701902550530,"duration":3493},"status":"passed","steps":[{"name":"Open https://inctagram-next-app-dir-git-develop-fightersforjustice.vercel.app/sign-up","time":{"start":1701902547038,"stop":1701902548925,"duration":1887},"status":"passed","steps":[],"attachments":[],"parameters":[{"name":"url","value":"https://inctagram-next-app-dir-git-develop-fightersforjustice.vercel.app/sign-up"}],"shouldDisplayMessage":false,"stepsCount":0,"attachmentsCount":0,"hasContent":true,"attachmentStep":false},{"name":"Fill in Taxwbcxqy8 in Username field","time":{"start":1701902548925,"stop":1701902550170,"duration":1245},"status":"passed","steps":[],"attachments":[],"parameters":[{"name":"username","value":"Taxwbcxqy8"}],"shouldDisplayMessage":false,"stepsCount":0,"attachmentsCount":0,"hasContent":true,"attachmentStep":false},{"name":"Fill in wdmys@fngo.tgt in Email field","time":{"start":1701902550170,"stop":1701902550267,"duration":97},"status":"passed","steps":[],"attachments":[],"parameters":[{"name":"email","value":"wdmys@fngo.tgt"}],"shouldDisplayMessage":false,"stepsCount":0,"attachmentsCount":0,"hasContent":true,"attachmentStep":false},{"name":"Fill in NVsk6-#?~ in Password field","time":{"start":1701902550267,"stop":1701902550360,"duration":93},"status":"passed","steps":[],"attachments":[],"parameters":[{"name":"password","value":"NVsk6-#?~"}],"shouldDisplayMessage":false,"stepsCount":0,"attachmentsCount":0,"hasContent":true,"attachmentStep":false},{"name":"Fill in NVsk6-#?~ in Password confirmation field","time":{"start":1701902550361,"stop":1701902550409,"duration":48},"status":"passed","steps":[],"attachments":[],"parameters":[{"name":"confirmationPassword","value":"NVsk6-#?~"}],"shouldDisplayMessage":false,"stepsCount":0,"attachmentsCount":0,"hasContent":true,"attachmentStep":false},{"name":"Click on the checkbox","time":{"start":1701902550409,"stop":1701902550482,"duration":73},"status":"passed","steps":[],"attachments":[],"parameters":[],"shouldDisplayMessage":false,"stepsCount":0,"attachmentsCount":0,"hasContent":false,"attachmentStep":false},{"name":"Click Sign Up","time":{"start":1701902550482,"stop":1701902550530,"duration":48},"status":"passed","steps":[],"attachments":[],"parameters":[],"shouldDisplayMessage":false,"stepsCount":0,"attachmentsCount":0,"hasContent":false,"attachmentStep":false}],"attachments":[],"parameters":[{"name":"user","value":"User(userName=Taxwbcxqy8, email=wdmys@fngo.tgt, password=NVsk6-#?~, passwordConfirm=NVsk6-#?~)"}],"shouldDisplayMessage":false,"stepsCount":7,"attachmentsCount":0,"hasContent":true,"attachmentStep":false},{"name":"Click OK","time":{"start":1701902550530,"stop":1701902556215,"duration":5685},"status":"passed","steps":[],"attachments":[],"parameters":[],"shouldDisplayMessage":false,"stepsCount":0,"attachmentsCount":0,"hasContent":false,"attachmentStep":false},{"name":"Username field empty","time":{"start":1701902556217,"stop":1701902556236,"duration":19},"status":"passed","steps":[],"attachments":[],"parameters":[],"shouldDisplayMessage":false,"stepsCount":0,"attachmentsCount":0,"hasContent":false,"attachmentStep":false},{"name":"Email field empty","time":{"start":1701902556246,"stop":1701902556274,"duration":28},"status":"passed","steps":[],"attachments":[],"parameters":[],"shouldDisplayMessage":false,"stepsCount":0,"attachmentsCount":0,"hasContent":false,"attachmentStep":false},{"name":"Password field empty","time":{"start":1701902556274,"stop":1701902556312,"duration":38},"status":"passed","steps":[],"attachments":[],"parameters":[],"shouldDisplayMessage":false,"stepsCount":0,"attachmentsCount":0,"hasContent":false,"attachmentStep":false},{"name":"Password confirmation field empty","time":{"start":1701902556312,"stop":1701902556325,"duration":13},"status":"passed","steps":[],"attachments":[],"parameters":[],"shouldDisplayMessage":false,"stepsCount":0,"attachmentsCount":0,"hasContent":false,"attachmentStep":false}],"attachments":[{"uid":"c641508757fc2202","name":"screenshot of : verifyEmptyFieldsAfterRegistration","source":"c641508757fc2202.png","type":"image/png","size":42613}],"parameters":[],"shouldDisplayMessage":true,"stepsCount":13,"attachmentsCount":1,"hasContent":true,"attachmentStep":false},"afterStages":[{"name":"stopBrowser","time":{"start":1701902745638,"stop":1701902745715,"duration":77},"description":"","status":"passed","steps":[],"attachments":[],"parameters":[],"shouldDisplayMessage":false,"stepsCount":0,"attachmentsCount":0,"hasContent":false,"attachmentStep":false}],"labels":[{"name":"package","value":"tests.RegistrationTest"},{"name":"testClass","value":"tests.RegistrationTest"},{"name":"testMethod","value":"verifyEmptyFieldsAfterRegistration"},{"name":"parentSuite","value":"TestSuite"},{"name":"suite","value":"Regression"},{"name":"subSuite","value":"tests.RegistrationTest"},{"name":"host","value":"fv-az1269-146"},{"name":"thread","value":"2436@fv-az1269-146.main(1)"},{"name":"framework","value":"testng"},{"name":"language","value":"java"},{"name":"resultFormat","value":"allure2"}],"parameters":[],"links":[{"name":"IN-352","url":"https://app.qase.io/case/IN-352","type":"tms"}],"hidden":false,"retry":false,"extra":{"severity":"normal","retries":[],"categories":[{"name":"Product defects","matchedStatuses":[],"flaky":false}],"history":{"statistic":{"failed":2,"broken":0,"skipped":0,"passed":0,"unknown":0,"total":2},"items":[{"uid":"d13279053d37eb73","reportUrl":"https://alex-evt.github.io/IT-INCUB-Inctagram/34//#testresult/d13279053d37eb73","status":"failed","statusDetails":"The following asserts failed:\n\texpected [true] but found [false]","time":{"start":1701895447700,"stop":1701895456301,"duration":8601}}]},"tags":[]},"source":"a28082fcb8803cf8.json","parameterValues":[]}