{"uid":"d74bc8df2c03b22","name":"verifyErrorIfUsernameNotMeetRequirements","fullName":"tests.RegistrationTest.verifyErrorIfUsernameNotMeetRequirements","historyId":"92196957cec8189a8477a34637a25d42","time":{"start":1700332750840,"stop":1700332751888,"duration":1048},"description":"Registration failure when username doesn't meet requirements","descriptionHtml":"<p>Registration failure when username doesn't meet requirements</p>\n","status":"failed","statusMessage":"expected [Username must contain a-z, A-Z, 1-9] but found [Password must not contain spaces]","statusTrace":"java.lang.AssertionError: expected [Username must contain a-z, A-Z, 1-9] but found [Password must not contain spaces]\n\tat org.testng.Assert.fail(Assert.java:111)\n\tat org.testng.Assert.failNotEquals(Assert.java:1578)\n\tat org.testng.Assert.assertEqualsImpl(Assert.java:150)\n\tat org.testng.Assert.assertEquals(Assert.java:132)\n\tat org.testng.Assert.assertEquals(Assert.java:656)\n\tat org.testng.Assert.assertEquals(Assert.java:666)\n\tat tests.RegistrationTest.verifyErrorIfUsernameNotMeetRequirements(RegistrationTest.java:228)\n\tat java.base/jdk.internal.reflect.DirectMethodHandleAccessor.invoke(DirectMethodHandleAccessor.java:104)\n\tat java.base/java.lang.reflect.Method.invoke(Method.java:577)\n\tat org.testng.internal.invokers.MethodInvocationHelper.invokeMethod(MethodInvocationHelper.java:139)\n\tat org.testng.internal.invokers.TestInvoker.invokeMethod(TestInvoker.java:664)\n\tat org.testng.internal.invokers.TestInvoker.invokeTestMethod(TestInvoker.java:227)\n\tat org.testng.internal.invokers.MethodRunner.runInSequence(MethodRunner.java:50)\n\tat org.testng.internal.invokers.TestInvoker$MethodInvocationAgent.invoke(TestInvoker.java:957)\n\tat org.testng.internal.invokers.TestInvoker.invokeTestMethods(TestInvoker.java:200)\n\tat org.testng.internal.invokers.TestMethodWorker.invokeTestMethods(TestMethodWorker.java:148)\n\tat org.testng.internal.invokers.TestMethodWorker.run(TestMethodWorker.java:128)\n\tat java.base/java.util.ArrayList.forEach(ArrayList.java:1511)\n\tat org.testng.TestRunner.privateRun(TestRunner.java:848)\n\tat org.testng.TestRunner.run(TestRunner.java:621)\n\tat org.testng.SuiteRunner.runTest(SuiteRunner.java:443)\n\tat org.testng.SuiteRunner.runSequentially(SuiteRunner.java:437)\n\tat org.testng.SuiteRunner.privateRun(SuiteRunner.java:397)\n\tat org.testng.SuiteRunner.run(SuiteRunner.java:336)\n\tat org.testng.SuiteRunnerWorker.runSuite(SuiteRunnerWorker.java:52)\n\tat org.testng.SuiteRunnerWorker.run(SuiteRunnerWorker.java:95)\n\tat org.testng.TestNG.runSuitesSequentially(TestNG.java:1280)\n\tat org.testng.TestNG.runSuitesLocally(TestNG.java:1200)\n\tat org.testng.TestNG.runSuites(TestNG.java:1114)\n\tat org.testng.TestNG.run(TestNG.java:1082)\n\tat org.apache.maven.surefire.testng.TestNGExecutor.run(TestNGExecutor.java:308)\n\tat org.apache.maven.surefire.testng.TestNGXmlTestSuite.execute(TestNGXmlTestSuite.java:71)\n\tat org.apache.maven.surefire.testng.TestNGProvider.invoke(TestNGProvider.java:113)\n\tat org.apache.maven.surefire.booter.ForkedBooter.runSuitesInProcess(ForkedBooter.java:385)\n\tat org.apache.maven.surefire.booter.ForkedBooter.execute(ForkedBooter.java:162)\n\tat org.apache.maven.surefire.booter.ForkedBooter.run(ForkedBooter.java:507)\n\tat org.apache.maven.surefire.booter.ForkedBooter.main(ForkedBooter.java:495)\n","flaky":false,"newFailed":false,"newBroken":false,"newPassed":false,"retriesCount":0,"retriesStatusChange":false,"beforeStages":[],"testStage":{"description":"Registration failure when username doesn't meet requirements","status":"failed","statusMessage":"expected [Username must contain a-z, A-Z, 1-9] but found [Password must not contain spaces]","statusTrace":"java.lang.AssertionError: expected [Username must contain a-z, A-Z, 1-9] but found [Password must not contain spaces]\n\tat org.testng.Assert.fail(Assert.java:111)\n\tat org.testng.Assert.failNotEquals(Assert.java:1578)\n\tat org.testng.Assert.assertEqualsImpl(Assert.java:150)\n\tat org.testng.Assert.assertEquals(Assert.java:132)\n\tat org.testng.Assert.assertEquals(Assert.java:656)\n\tat org.testng.Assert.assertEquals(Assert.java:666)\n\tat tests.RegistrationTest.verifyErrorIfUsernameNotMeetRequirements(RegistrationTest.java:228)\n\tat java.base/jdk.internal.reflect.DirectMethodHandleAccessor.invoke(DirectMethodHandleAccessor.java:104)\n\tat java.base/java.lang.reflect.Method.invoke(Method.java:577)\n\tat org.testng.internal.invokers.MethodInvocationHelper.invokeMethod(MethodInvocationHelper.java:139)\n\tat org.testng.internal.invokers.TestInvoker.invokeMethod(TestInvoker.java:664)\n\tat org.testng.internal.invokers.TestInvoker.invokeTestMethod(TestInvoker.java:227)\n\tat org.testng.internal.invokers.MethodRunner.runInSequence(MethodRunner.java:50)\n\tat org.testng.internal.invokers.TestInvoker$MethodInvocationAgent.invoke(TestInvoker.java:957)\n\tat org.testng.internal.invokers.TestInvoker.invokeTestMethods(TestInvoker.java:200)\n\tat org.testng.internal.invokers.TestMethodWorker.invokeTestMethods(TestMethodWorker.java:148)\n\tat org.testng.internal.invokers.TestMethodWorker.run(TestMethodWorker.java:128)\n\tat java.base/java.util.ArrayList.forEach(ArrayList.java:1511)\n\tat org.testng.TestRunner.privateRun(TestRunner.java:848)\n\tat org.testng.TestRunner.run(TestRunner.java:621)\n\tat org.testng.SuiteRunner.runTest(SuiteRunner.java:443)\n\tat org.testng.SuiteRunner.runSequentially(SuiteRunner.java:437)\n\tat org.testng.SuiteRunner.privateRun(SuiteRunner.java:397)\n\tat org.testng.SuiteRunner.run(SuiteRunner.java:336)\n\tat org.testng.SuiteRunnerWorker.runSuite(SuiteRunnerWorker.java:52)\n\tat org.testng.SuiteRunnerWorker.run(SuiteRunnerWorker.java:95)\n\tat org.testng.TestNG.runSuitesSequentially(TestNG.java:1280)\n\tat org.testng.TestNG.runSuitesLocally(TestNG.java:1200)\n\tat org.testng.TestNG.runSuites(TestNG.java:1114)\n\tat org.testng.TestNG.run(TestNG.java:1082)\n\tat org.apache.maven.surefire.testng.TestNGExecutor.run(TestNGExecutor.java:308)\n\tat org.apache.maven.surefire.testng.TestNGXmlTestSuite.execute(TestNGXmlTestSuite.java:71)\n\tat org.apache.maven.surefire.testng.TestNGProvider.invoke(TestNGProvider.java:113)\n\tat org.apache.maven.surefire.booter.ForkedBooter.runSuitesInProcess(ForkedBooter.java:385)\n\tat org.apache.maven.surefire.booter.ForkedBooter.execute(ForkedBooter.java:162)\n\tat org.apache.maven.surefire.booter.ForkedBooter.run(ForkedBooter.java:507)\n\tat org.apache.maven.surefire.booter.ForkedBooter.main(ForkedBooter.java:495)\n","steps":[{"name":"User registration without email confirmation","time":{"start":1700332750840,"stop":1700332751816,"duration":976},"status":"passed","steps":[{"name":"Open https://inctagram-next-app-dir-git-develop-fightersforjustice.vercel.app/sign-up","time":{"start":1700332750840,"stop":1700332750969,"duration":129},"status":"passed","steps":[],"attachments":[],"parameters":[{"name":"url","value":"https://inctagram-next-app-dir-git-develop-fightersforjustice.vercel.app/sign-up"}],"shouldDisplayMessage":false,"stepsCount":0,"attachmentsCount":0,"hasContent":true},{"name":"Fill in        in Username field","time":{"start":1700332750970,"stop":1700332751557,"duration":587},"status":"passed","steps":[],"attachments":[],"parameters":[{"name":"userName","value":"      "}],"shouldDisplayMessage":false,"stepsCount":0,"attachmentsCount":0,"hasContent":true},{"name":"Fill in pvq@bgat.vqp in Email field","time":{"start":1700332751557,"stop":1700332751634,"duration":77},"status":"passed","steps":[],"attachments":[],"parameters":[{"name":"email","value":"pvq@bgat.vqp"}],"shouldDisplayMessage":false,"stepsCount":0,"attachmentsCount":0,"hasContent":true},{"name":"Fill in UUzr5!! in Password field","time":{"start":1700332751634,"stop":1700332751693,"duration":59},"status":"passed","steps":[],"attachments":[],"parameters":[{"name":"password","value":"UUzr5!!"}],"shouldDisplayMessage":false,"stepsCount":0,"attachmentsCount":0,"hasContent":true},{"name":"Fill in UUzr5!! in Password confirmation field","time":{"start":1700332751693,"stop":1700332751741,"duration":48},"status":"passed","steps":[],"attachments":[],"parameters":[{"name":"confirmationPassword","value":"UUzr5!!"}],"shouldDisplayMessage":false,"stepsCount":0,"attachmentsCount":0,"hasContent":true},{"name":"Click on the checkbox","time":{"start":1700332751741,"stop":1700332751779,"duration":38},"status":"passed","steps":[],"attachments":[],"parameters":[],"shouldDisplayMessage":false,"stepsCount":0,"attachmentsCount":0,"hasContent":false},{"name":"Click Sign Up","time":{"start":1700332751779,"stop":1700332751815,"duration":36},"status":"passed","steps":[],"attachments":[],"parameters":[],"shouldDisplayMessage":false,"stepsCount":0,"attachmentsCount":0,"hasContent":false}],"attachments":[],"parameters":[{"name":"user","value":"User(userName=      , email=pvq@bgat.vqp, password=UUzr5!!, passwordConfirm=UUzr5!!)"}],"shouldDisplayMessage":false,"stepsCount":7,"attachmentsCount":0,"hasContent":true}],"attachments":[{"uid":"1d6db24fabc59544","name":"screenshot of : verifyErrorIfUsernameNotMeetRequirements","source":"1d6db24fabc59544.png","type":"image/png","size":31403}],"parameters":[],"shouldDisplayMessage":true,"stepsCount":8,"attachmentsCount":1,"hasContent":true},"afterStages":[{"name":"stopBrowser","time":{"start":1700332787681,"stop":1700332787759,"duration":78},"description":"","status":"passed","steps":[],"attachments":[],"parameters":[],"shouldDisplayMessage":false,"stepsCount":0,"attachmentsCount":0,"hasContent":false}],"labels":[{"name":"package","value":"tests.RegistrationTest"},{"name":"testClass","value":"tests.RegistrationTest"},{"name":"testMethod","value":"verifyErrorIfUsernameNotMeetRequirements"},{"name":"parentSuite","value":"TestSuite"},{"name":"suite","value":"Regression"},{"name":"subSuite","value":"tests.RegistrationTest"},{"name":"host","value":"fv-az711-229"},{"name":"thread","value":"2575@fv-az711-229.main(1)"},{"name":"framework","value":"testng"},{"name":"language","value":"java"},{"name":"resultFormat","value":"allure2"}],"parameters":[{"name":"arg0","value":" "}],"links":[{"name":"IN-346","url":"https://app.qase.io/case/IN-346","type":"tms"}],"hidden":false,"retry":false,"extra":{"severity":"normal","retries":[],"categories":[{"name":"Product defects","matchedStatuses":[],"flaky":false}],"tags":[]},"source":"d74bc8df2c03b22.json","parameterValues":[" "]}