{"uid":"2a4fe6c93901e2dd","name":"verifyErrorIfEmailNotMeetRequirement","fullName":"tests.RegistrationTest.verifyErrorIfEmailNotMeetRequirement","historyId":"40048e9ed0e4d34479c538df72a2c0df","time":{"start":1700334499746,"stop":1700334499813,"duration":67},"description":"Registration failure when email doesn't meet requirements","descriptionHtml":"<p>Registration failure when email doesn't meet requirements</p>\n","status":"broken","statusMessage":"\n[public void tests.RegistrationTest.verifyErrorIfEmailNotMeetRequirement(int,java.lang.String,java.lang.String)] has no parameters defined but was found to be using a data provider (either explicitly specified or inherited from class level annotation).\nData provider mismatch\nMethod: verifyErrorIfEmailNotMeetRequirement([int arg0, java.lang.String arg1, java.lang.String arg2])\nArguments: [(java.lang.Integer) 2,(java.lang.String)         ]","statusTrace":"org.testng.internal.reflect.MethodMatcherException: \n[public void tests.RegistrationTest.verifyErrorIfEmailNotMeetRequirement(int,java.lang.String,java.lang.String)] has no parameters defined but was found to be using a data provider (either explicitly specified or inherited from class level annotation).\nData provider mismatch\nMethod: verifyErrorIfEmailNotMeetRequirement([int arg0, java.lang.String arg1, java.lang.String arg2])\nArguments: [(java.lang.Integer) 2,(java.lang.String)         ]\n\tat org.testng.internal.reflect.DataProviderMethodMatcher.getConformingArguments(DataProviderMethodMatcher.java:46)\n\tat org.testng.internal.Parameters.injectParameters(Parameters.java:909)\n\tat org.testng.internal.invokers.MethodRunner.runInSequence(MethodRunner.java:37)\n\tat org.testng.internal.invokers.TestInvoker$MethodInvocationAgent.invoke(TestInvoker.java:957)\n\tat org.testng.internal.invokers.TestInvoker.invokeTestMethods(TestInvoker.java:200)\n\tat org.testng.internal.invokers.TestMethodWorker.invokeTestMethods(TestMethodWorker.java:148)\n\tat org.testng.internal.invokers.TestMethodWorker.run(TestMethodWorker.java:128)\n\tat java.base/java.util.ArrayList.forEach(ArrayList.java:1511)\n\tat org.testng.TestRunner.privateRun(TestRunner.java:848)\n\tat org.testng.TestRunner.run(TestRunner.java:621)\n\tat org.testng.SuiteRunner.runTest(SuiteRunner.java:443)\n\tat org.testng.SuiteRunner.runSequentially(SuiteRunner.java:437)\n\tat org.testng.SuiteRunner.privateRun(SuiteRunner.java:397)\n\tat org.testng.SuiteRunner.run(SuiteRunner.java:336)\n\tat org.testng.SuiteRunnerWorker.runSuite(SuiteRunnerWorker.java:52)\n\tat org.testng.SuiteRunnerWorker.run(SuiteRunnerWorker.java:95)\n\tat org.testng.TestNG.runSuitesSequentially(TestNG.java:1280)\n\tat org.testng.TestNG.runSuitesLocally(TestNG.java:1200)\n\tat org.testng.TestNG.runSuites(TestNG.java:1114)\n\tat org.testng.TestNG.run(TestNG.java:1082)\n\tat org.apache.maven.surefire.testng.TestNGExecutor.run(TestNGExecutor.java:308)\n\tat org.apache.maven.surefire.testng.TestNGXmlTestSuite.execute(TestNGXmlTestSuite.java:71)\n\tat org.apache.maven.surefire.testng.TestNGProvider.invoke(TestNGProvider.java:113)\n\tat org.apache.maven.surefire.booter.ForkedBooter.runSuitesInProcess(ForkedBooter.java:385)\n\tat org.apache.maven.surefire.booter.ForkedBooter.execute(ForkedBooter.java:162)\n\tat org.apache.maven.surefire.booter.ForkedBooter.run(ForkedBooter.java:507)\n\tat org.apache.maven.surefire.booter.ForkedBooter.main(ForkedBooter.java:495)\n","flaky":false,"newFailed":false,"newBroken":false,"newPassed":false,"retriesCount":0,"retriesStatusChange":false,"beforeStages":[],"testStage":{"description":"Registration failure when email doesn't meet requirements","status":"broken","statusMessage":"\n[public void tests.RegistrationTest.verifyErrorIfEmailNotMeetRequirement(int,java.lang.String,java.lang.String)] has no parameters defined but was found to be using a data provider (either explicitly specified or inherited from class level annotation).\nData provider mismatch\nMethod: verifyErrorIfEmailNotMeetRequirement([int arg0, java.lang.String arg1, java.lang.String arg2])\nArguments: [(java.lang.Integer) 2,(java.lang.String)         ]","statusTrace":"org.testng.internal.reflect.MethodMatcherException: \n[public void tests.RegistrationTest.verifyErrorIfEmailNotMeetRequirement(int,java.lang.String,java.lang.String)] has no parameters defined but was found to be using a data provider (either explicitly specified or inherited from class level annotation).\nData provider mismatch\nMethod: verifyErrorIfEmailNotMeetRequirement([int arg0, java.lang.String arg1, java.lang.String arg2])\nArguments: [(java.lang.Integer) 2,(java.lang.String)         ]\n\tat org.testng.internal.reflect.DataProviderMethodMatcher.getConformingArguments(DataProviderMethodMatcher.java:46)\n\tat org.testng.internal.Parameters.injectParameters(Parameters.java:909)\n\tat org.testng.internal.invokers.MethodRunner.runInSequence(MethodRunner.java:37)\n\tat org.testng.internal.invokers.TestInvoker$MethodInvocationAgent.invoke(TestInvoker.java:957)\n\tat org.testng.internal.invokers.TestInvoker.invokeTestMethods(TestInvoker.java:200)\n\tat org.testng.internal.invokers.TestMethodWorker.invokeTestMethods(TestMethodWorker.java:148)\n\tat org.testng.internal.invokers.TestMethodWorker.run(TestMethodWorker.java:128)\n\tat java.base/java.util.ArrayList.forEach(ArrayList.java:1511)\n\tat org.testng.TestRunner.privateRun(TestRunner.java:848)\n\tat org.testng.TestRunner.run(TestRunner.java:621)\n\tat org.testng.SuiteRunner.runTest(SuiteRunner.java:443)\n\tat org.testng.SuiteRunner.runSequentially(SuiteRunner.java:437)\n\tat org.testng.SuiteRunner.privateRun(SuiteRunner.java:397)\n\tat org.testng.SuiteRunner.run(SuiteRunner.java:336)\n\tat org.testng.SuiteRunnerWorker.runSuite(SuiteRunnerWorker.java:52)\n\tat org.testng.SuiteRunnerWorker.run(SuiteRunnerWorker.java:95)\n\tat org.testng.TestNG.runSuitesSequentially(TestNG.java:1280)\n\tat org.testng.TestNG.runSuitesLocally(TestNG.java:1200)\n\tat org.testng.TestNG.runSuites(TestNG.java:1114)\n\tat org.testng.TestNG.run(TestNG.java:1082)\n\tat org.apache.maven.surefire.testng.TestNGExecutor.run(TestNGExecutor.java:308)\n\tat org.apache.maven.surefire.testng.TestNGXmlTestSuite.execute(TestNGXmlTestSuite.java:71)\n\tat org.apache.maven.surefire.testng.TestNGProvider.invoke(TestNGProvider.java:113)\n\tat org.apache.maven.surefire.booter.ForkedBooter.runSuitesInProcess(ForkedBooter.java:385)\n\tat org.apache.maven.surefire.booter.ForkedBooter.execute(ForkedBooter.java:162)\n\tat org.apache.maven.surefire.booter.ForkedBooter.run(ForkedBooter.java:507)\n\tat org.apache.maven.surefire.booter.ForkedBooter.main(ForkedBooter.java:495)\n","steps":[],"attachments":[{"uid":"a149db43ca91afad","name":"screenshot of : verifyErrorIfEmailNotMeetRequirement","source":"a149db43ca91afad.png","type":"image/png","size":31340}],"parameters":[],"shouldDisplayMessage":true,"stepsCount":0,"attachmentsCount":1,"hasContent":true},"afterStages":[{"name":"stopBrowser","time":{"start":1700334546358,"stop":1700334546435,"duration":77},"description":"","status":"passed","steps":[],"attachments":[],"parameters":[],"shouldDisplayMessage":false,"stepsCount":0,"attachmentsCount":0,"hasContent":false}],"labels":[{"name":"package","value":"tests.RegistrationTest"},{"name":"testClass","value":"tests.RegistrationTest"},{"name":"testMethod","value":"verifyErrorIfEmailNotMeetRequirement"},{"name":"parentSuite","value":"TestSuite"},{"name":"suite","value":"Regression"},{"name":"subSuite","value":"tests.RegistrationTest"},{"name":"host","value":"fv-az1152-988"},{"name":"thread","value":"2441@fv-az1152-988.main(1)"},{"name":"framework","value":"testng"},{"name":"language","value":"java"},{"name":"resultFormat","value":"allure2"}],"parameters":[],"links":[{"name":"IN-348","url":"https://app.qase.io/case/IN-348","type":"tms"}],"hidden":false,"retry":false,"extra":{"severity":"normal","retries":[],"categories":[{"name":"Test defects","matchedStatuses":[],"flaky":false}],"history":{"statistic":{"failed":0,"broken":4,"skipped":0,"passed":0,"unknown":0,"total":4},"items":[{"uid":"176fcf286cd70a37","reportUrl":"https://alex-evt.github.io/IT-INCUB-Inctagram/25//#testresult/176fcf286cd70a37","status":"broken","statusDetails":"\n[public void tests.RegistrationTest.verifyErrorIfEmailNotMeetRequirement(int,java.lang.String,java.lang.String)] has no parameters defined but was found to be using a data provider (either explicitly specified or inherited from class level annotation).\nData provider mismatch\nMethod: verifyErrorIfEmailNotMeetRequirement([int arg0, java.lang.String arg1, java.lang.String arg2])\nArguments: [(java.lang.Integer) 2,(java.lang.String)         ]","time":{"start":1700333820214,"stop":1700333820258,"duration":44}},{"uid":"34a6e7cb6f19ad39","reportUrl":"https://alex-evt.github.io/IT-INCUB-Inctagram/24//#testresult/34a6e7cb6f19ad39","status":"broken","statusDetails":"\n[public void tests.RegistrationTest.verifyErrorIfEmailNotMeetRequirement(int,java.lang.String,java.lang.String)] has no parameters defined but was found to be using a data provider (either explicitly specified or inherited from class level annotation).\nData provider mismatch\nMethod: verifyErrorIfEmailNotMeetRequirement([int arg0, java.lang.String arg1, java.lang.String arg2])\nArguments: [(java.lang.Integer) 2,(java.lang.String)         ]","time":{"start":1700333355784,"stop":1700333355852,"duration":68}},{"uid":"dc8917271e928e92","reportUrl":"https://alex-evt.github.io/IT-INCUB-Inctagram/23//#testresult/dc8917271e928e92","status":"broken","statusDetails":"\n[public void tests.RegistrationTest.verifyErrorIfEmailNotMeetRequirement(int,java.lang.String,java.lang.String)] has no parameters defined but was found to be using a data provider (either explicitly specified or inherited from class level annotation).\nData provider mismatch\nMethod: verifyErrorIfEmailNotMeetRequirement([int arg0, java.lang.String arg1, java.lang.String arg2])\nArguments: [(java.lang.Integer) 2,(java.lang.String)         ]","time":{"start":1700332740892,"stop":1700332740956,"duration":64}}]},"tags":[]},"source":"2a4fe6c93901e2dd.json","parameterValues":[]}